{"C:\\Users\\arthu\\OneDrive\\Documentos\\GitHub\\praticando-tajs\\aula06-end-to-end\\src\\index.js": {"path":"C:\\Users\\arthu\\OneDrive\\Documentos\\GitHub\\praticando-tajs\\aula06-end-to-end\\src\\index.js","all":false,"statementMap":{"0":{"start":{"line":1,"column":0},"end":{"line":1,"column":37}},"1":{"start":{"line":2,"column":0},"end":{"line":2,"column":0}},"2":{"start":{"line":3,"column":0},"end":{"line":3,"column":38}},"3":{"start":{"line":4,"column":0},"end":{"line":4,"column":41}},"4":{"start":{"line":5,"column":0},"end":{"line":5,"column":40}},"5":{"start":{"line":6,"column":0},"end":{"line":6,"column":36}},"6":{"start":{"line":7,"column":0},"end":{"line":7,"column":102}},"7":{"start":{"line":8,"column":0},"end":{"line":8,"column":6}},"8":{"start":{"line":9,"column":0},"end":{"line":9,"column":5}},"9":{"start":{"line":10,"column":0},"end":{"line":10,"column":1}},"10":{"start":{"line":11,"column":0},"end":{"line":11,"column":0}},"11":{"start":{"line":12,"column":0},"end":{"line":12,"column":22}},"12":{"start":{"line":13,"column":0},"end":{"line":13,"column":0}},"13":{"start":{"line":14,"column":0},"end":{"line":14,"column":0}},"14":{"start":{"line":15,"column":0},"end":{"line":15,"column":0}},"15":{"start":{"line":16,"column":0},"end":{"line":16,"column":0}},"16":{"start":{"line":17,"column":0},"end":{"line":17,"column":0}},"17":{"start":{"line":18,"column":0},"end":{"line":18,"column":0}},"18":{"start":{"line":19,"column":0},"end":{"line":19,"column":38513}}},"s":{"0":1,"1":1,"2":1,"3":1,"4":1,"5":1,"6":1,"7":1,"8":1,"9":1,"10":1,"11":1,"12":1,"13":1,"14":1,"15":1,"16":1,"17":1,"18":1},"branchMap":{"0":{"type":"branch","line":4,"loc":{"start":{"line":4,"column":34},"end":{"line":9,"column":3}},"locations":[{"start":{"line":4,"column":34},"end":{"line":9,"column":3}}]},"1":{"type":"branch","line":19,"loc":{"start":{"line":19,"column":68},"end":{"line":19,"column":37846}},"locations":[{"start":{"line":19,"column":68},"end":{"line":19,"column":37846}}]},"2":{"type":"branch","line":19,"loc":{"start":{"line":19,"column":37835},"end":{"line":19,"column":37845}},"locations":[{"start":{"line":19,"column":37835},"end":{"line":19,"column":37845}}]},"3":{"type":"branch","line":19,"loc":{"start":{"line":19,"column":37873},"end":{"line":19,"column":37946}},"locations":[{"start":{"line":19,"column":37873},"end":{"line":19,"column":37946}}]},"4":{"type":"branch","line":19,"loc":{"start":{"line":19,"column":37926},"end":{"line":19,"column":37937}},"locations":[{"start":{"line":19,"column":37926},"end":{"line":19,"column":37937}}]}},"b":{"0":[1],"1":[1],"2":[1],"3":[1],"4":[1]},"fnMap":{"0":{"name":"oo_cm","decl":{"start":{"line":19,"column":68},"end":{"line":19,"column":37846}},"loc":{"start":{"line":19,"column":68},"end":{"line":19,"column":37846}},"line":19},"1":{"name":"oo_oo","decl":{"start":{"line":19,"column":37873},"end":{"line":19,"column":37946}},"loc":{"start":{"line":19,"column":37873},"end":{"line":19,"column":37946}},"line":19},"2":{"name":"oo_tr","decl":{"start":{"line":19,"column":37973},"end":{"line":19,"column":38048}},"loc":{"start":{"line":19,"column":37973},"end":{"line":19,"column":38048}},"line":19},"3":{"name":"oo_ts","decl":{"start":{"line":19,"column":38075},"end":{"line":19,"column":38142}},"loc":{"start":{"line":19,"column":38075},"end":{"line":19,"column":38142}},"line":19},"4":{"name":"oo_te","decl":{"start":{"line":19,"column":38169},"end":{"line":19,"column":38245}},"loc":{"start":{"line":19,"column":38169},"end":{"line":19,"column":38245}},"line":19}},"f":{"0":1,"1":1,"2":1,"3":1,"4":1}}
,"C:\\Users\\arthu\\OneDrive\\Documentos\\GitHub\\praticando-tajs\\aula06-end-to-end\\src\\person.js": {"path":"C:\\Users\\arthu\\OneDrive\\Documentos\\GitHub\\praticando-tajs\\aula06-end-to-end\\src\\person.js","all":false,"statementMap":{"0":{"start":{"line":1,"column":0},"end":{"line":1,"column":14}},"1":{"start":{"line":2,"column":0},"end":{"line":2,"column":27}},"2":{"start":{"line":3,"column":0},"end":{"line":3,"column":23}},"3":{"start":{"line":4,"column":0},"end":{"line":4,"column":42}},"4":{"start":{"line":5,"column":0},"end":{"line":5,"column":5}},"5":{"start":{"line":6,"column":0},"end":{"line":6,"column":22}},"6":{"start":{"line":7,"column":0},"end":{"line":7,"column":41}},"7":{"start":{"line":8,"column":0},"end":{"line":8,"column":5}},"8":{"start":{"line":9,"column":0},"end":{"line":9,"column":0}},"9":{"start":{"line":10,"column":0},"end":{"line":10,"column":46}},"10":{"start":{"line":11,"column":0},"end":{"line":11,"column":32}},"11":{"start":{"line":12,"column":0},"end":{"line":12,"column":46}},"12":{"start":{"line":13,"column":0},"end":{"line":13,"column":50}},"13":{"start":{"line":14,"column":0},"end":{"line":14,"column":7}},"14":{"start":{"line":15,"column":0},"end":{"line":15,"column":5}},"15":{"start":{"line":16,"column":0},"end":{"line":16,"column":3}},"16":{"start":{"line":17,"column":0},"end":{"line":17,"column":0}},"17":{"start":{"line":18,"column":0},"end":{"line":18,"column":25}},"18":{"start":{"line":19,"column":0},"end":{"line":19,"column":55}},"19":{"start":{"line":20,"column":0},"end":{"line":20,"column":12}},"20":{"start":{"line":21,"column":0},"end":{"line":21,"column":41}},"21":{"start":{"line":22,"column":0},"end":{"line":22,"column":17}},"22":{"start":{"line":23,"column":0},"end":{"line":23,"column":35}},"23":{"start":{"line":24,"column":0},"end":{"line":24,"column":6}},"24":{"start":{"line":25,"column":0},"end":{"line":25,"column":3}},"25":{"start":{"line":26,"column":0},"end":{"line":26,"column":0}},"26":{"start":{"line":27,"column":0},"end":{"line":27,"column":23}},"27":{"start":{"line":28,"column":0},"end":{"line":28,"column":54}},"28":{"start":{"line":29,"column":0},"end":{"line":29,"column":55}},"29":{"start":{"line":30,"column":0},"end":{"line":30,"column":40}},"30":{"start":{"line":31,"column":0},"end":{"line":31,"column":5}},"31":{"start":{"line":32,"column":0},"end":{"line":32,"column":39}},"32":{"start":{"line":33,"column":0},"end":{"line":33,"column":98}},"33":{"start":{"line":34,"column":0},"end":{"line":34,"column":3}},"34":{"start":{"line":35,"column":0},"end":{"line":35,"column":0}},"35":{"start":{"line":36,"column":0},"end":{"line":36,"column":26}},"36":{"start":{"line":37,"column":0},"end":{"line":37,"column":26}},"37":{"start":{"line":38,"column":0},"end":{"line":38,"column":48}},"38":{"start":{"line":39,"column":0},"end":{"line":39,"column":31}},"39":{"start":{"line":40,"column":0},"end":{"line":40,"column":18}},"40":{"start":{"line":41,"column":0},"end":{"line":41,"column":3}},"41":{"start":{"line":42,"column":0},"end":{"line":42,"column":1}},"42":{"start":{"line":43,"column":0},"end":{"line":43,"column":0}},"43":{"start":{"line":44,"column":0},"end":{"line":44,"column":22}},"44":{"start":{"line":45,"column":0},"end":{"line":45,"column":0}},"45":{"start":{"line":46,"column":0},"end":{"line":46,"column":0}},"46":{"start":{"line":47,"column":0},"end":{"line":47,"column":0}},"47":{"start":{"line":48,"column":0},"end":{"line":48,"column":0}},"48":{"start":{"line":49,"column":0},"end":{"line":49,"column":0}},"49":{"start":{"line":50,"column":0},"end":{"line":50,"column":0}},"50":{"start":{"line":51,"column":0},"end":{"line":51,"column":38513}}},"s":{"0":1,"1":1,"2":5,"3":1,"4":1,"5":5,"6":1,"7":1,"8":3,"9":3,"10":5,"11":7,"12":1,"13":1,"14":7,"15":2,"16":1,"17":1,"18":2,"19":2,"20":2,"21":2,"22":2,"23":2,"24":2,"25":1,"26":1,"27":2,"28":2,"29":1,"30":1,"31":1,"32":1,"33":1,"34":1,"35":1,"36":5,"37":5,"38":5,"39":5,"40":5,"41":1,"42":1,"43":1,"44":1,"45":1,"46":1,"47":1,"48":1,"49":1,"50":1},"branchMap":{"0":{"type":"branch","line":2,"loc":{"start":{"line":2,"column":9},"end":{"line":16,"column":3}},"locations":[{"start":{"line":2,"column":9},"end":{"line":16,"column":3}}]},"1":{"type":"branch","line":3,"loc":{"start":{"line":3,"column":22},"end":{"line":5,"column":5}},"locations":[{"start":{"line":3,"column":22},"end":{"line":5,"column":5}}]},"2":{"type":"branch","line":5,"loc":{"start":{"line":5,"column":4},"end":{"line":6,"column":21}},"locations":[{"start":{"line":5,"column":4},"end":{"line":6,"column":21}}]},"3":{"type":"branch","line":6,"loc":{"start":{"line":6,"column":21},"end":{"line":8,"column":5}},"locations":[{"start":{"line":6,"column":21},"end":{"line":8,"column":5}}]},"4":{"type":"branch","line":8,"loc":{"start":{"line":8,"column":4},"end":{"line":11,"column":31}},"locations":[{"start":{"line":8,"column":4},"end":{"line":11,"column":31}}]},"5":{"type":"branch","line":11,"loc":{"start":{"line":11,"column":31},"end":{"line":15,"column":5}},"locations":[{"start":{"line":11,"column":31},"end":{"line":15,"column":5}}]},"6":{"type":"branch","line":12,"loc":{"start":{"line":12,"column":45},"end":{"line":14,"column":7}},"locations":[{"start":{"line":12,"column":45},"end":{"line":14,"column":7}}]},"7":{"type":"branch","line":15,"loc":{"start":{"line":15,"column":4},"end":{"line":16,"column":3}},"locations":[{"start":{"line":15,"column":4},"end":{"line":16,"column":3}}]},"8":{"type":"branch","line":18,"loc":{"start":{"line":18,"column":9},"end":{"line":25,"column":3}},"locations":[{"start":{"line":18,"column":9},"end":{"line":25,"column":3}}]},"9":{"type":"branch","line":27,"loc":{"start":{"line":27,"column":9},"end":{"line":34,"column":3}},"locations":[{"start":{"line":27,"column":9},"end":{"line":34,"column":3}}]},"10":{"type":"branch","line":29,"loc":{"start":{"line":29,"column":54},"end":{"line":34,"column":3}},"locations":[{"start":{"line":29,"column":54},"end":{"line":34,"column":3}}]},"11":{"type":"branch","line":29,"loc":{"start":{"line":29,"column":30},"end":{"line":29,"column":51}},"locations":[{"start":{"line":29,"column":30},"end":{"line":29,"column":51}}]},"12":{"type":"branch","line":36,"loc":{"start":{"line":36,"column":9},"end":{"line":41,"column":3}},"locations":[{"start":{"line":36,"column":9},"end":{"line":41,"column":3}}]},"13":{"type":"branch","line":51,"loc":{"start":{"line":51,"column":68},"end":{"line":51,"column":37846}},"locations":[{"start":{"line":51,"column":68},"end":{"line":51,"column":37846}}]},"14":{"type":"branch","line":51,"loc":{"start":{"line":51,"column":133},"end":{"line":51,"column":37833}},"locations":[{"start":{"line":51,"column":133},"end":{"line":51,"column":37833}}]},"15":{"type":"branch","line":51,"loc":{"start":{"line":51,"column":37835},"end":{"line":51,"column":37845}},"locations":[{"start":{"line":51,"column":37835},"end":{"line":51,"column":37845}}]},"16":{"type":"branch","line":51,"loc":{"start":{"line":51,"column":37873},"end":{"line":51,"column":37946}},"locations":[{"start":{"line":51,"column":37873},"end":{"line":51,"column":37946}}]},"17":{"type":"branch","line":51,"loc":{"start":{"line":51,"column":37926},"end":{"line":51,"column":37937}},"locations":[{"start":{"line":51,"column":37926},"end":{"line":51,"column":37937}}]}},"b":{"0":[5],"1":[1],"2":[4],"3":[1],"4":[3],"5":[7],"6":[1],"7":[2],"8":[2],"9":[2],"10":[1],"11":[6],"12":[5],"13":[1],"14":[1],"15":[1],"16":[1],"17":[1]},"fnMap":{"0":{"name":"validate","decl":{"start":{"line":2,"column":9},"end":{"line":16,"column":3}},"loc":{"start":{"line":2,"column":9},"end":{"line":16,"column":3}},"line":2},"1":{"name":"format","decl":{"start":{"line":18,"column":9},"end":{"line":25,"column":3}},"loc":{"start":{"line":18,"column":9},"end":{"line":25,"column":3}},"line":18},"2":{"name":"save","decl":{"start":{"line":27,"column":9},"end":{"line":34,"column":3}},"loc":{"start":{"line":27,"column":9},"end":{"line":34,"column":3}},"line":27},"3":{"name":"process","decl":{"start":{"line":36,"column":9},"end":{"line":41,"column":3}},"loc":{"start":{"line":36,"column":9},"end":{"line":41,"column":3}},"line":36},"4":{"name":"oo_cm","decl":{"start":{"line":51,"column":68},"end":{"line":51,"column":37846}},"loc":{"start":{"line":51,"column":68},"end":{"line":51,"column":37846}},"line":51},"5":{"name":"oo_oo","decl":{"start":{"line":51,"column":37873},"end":{"line":51,"column":37946}},"loc":{"start":{"line":51,"column":37873},"end":{"line":51,"column":37946}},"line":51},"6":{"name":"oo_tr","decl":{"start":{"line":51,"column":37973},"end":{"line":51,"column":38048}},"loc":{"start":{"line":51,"column":37973},"end":{"line":51,"column":38048}},"line":51},"7":{"name":"oo_ts","decl":{"start":{"line":51,"column":38075},"end":{"line":51,"column":38142}},"loc":{"start":{"line":51,"column":38075},"end":{"line":51,"column":38142}},"line":51},"8":{"name":"oo_te","decl":{"start":{"line":51,"column":38169},"end":{"line":51,"column":38245}},"loc":{"start":{"line":51,"column":38169},"end":{"line":51,"column":38245}},"line":51}},"f":{"0":5,"1":2,"2":2,"3":5,"4":1,"5":1,"6":1,"7":1,"8":1}}
,"C:\\Users\\arthu\\OneDrive\\Documentos\\GitHub\\praticando-tajs\\aula06-end-to-end\\src\\server.js": {"path":"C:\\Users\\arthu\\OneDrive\\Documentos\\GitHub\\praticando-tajs\\aula06-end-to-end\\src\\server.js","all":false,"statementMap":{"0":{"start":{"line":1,"column":0},"end":{"line":1,"column":35}},"1":{"start":{"line":2,"column":0},"end":{"line":2,"column":41}},"2":{"start":{"line":3,"column":0},"end":{"line":3,"column":33}},"3":{"start":{"line":4,"column":0},"end":{"line":4,"column":0}},"4":{"start":{"line":5,"column":0},"end":{"line":5,"column":56}},"5":{"start":{"line":6,"column":0},"end":{"line":6,"column":56}},"6":{"start":{"line":7,"column":0},"end":{"line":7,"column":23}},"7":{"start":{"line":8,"column":0},"end":{"line":8,"column":35}},"8":{"start":{"line":9,"column":0},"end":{"line":9,"column":11}},"9":{"start":{"line":10,"column":0},"end":{"line":10,"column":3}},"10":{"start":{"line":11,"column":0},"end":{"line":11,"column":0}},"11":{"start":{"line":12,"column":0},"end":{"line":12,"column":7}},"12":{"start":{"line":13,"column":0},"end":{"line":13,"column":54}},"13":{"start":{"line":14,"column":0},"end":{"line":14,"column":52}},"14":{"start":{"line":15,"column":0},"end":{"line":15,"column":40}},"15":{"start":{"line":16,"column":0},"end":{"line":16,"column":19}},"16":{"start":{"line":17,"column":0},"end":{"line":17,"column":45}},"17":{"start":{"line":18,"column":0},"end":{"line":18,"column":25}},"18":{"start":{"line":19,"column":0},"end":{"line":19,"column":68}},"19":{"start":{"line":20,"column":0},"end":{"line":20,"column":16}},"20":{"start":{"line":21,"column":0},"end":{"line":21,"column":13}},"21":{"start":{"line":22,"column":0},"end":{"line":22,"column":5}},"22":{"start":{"line":23,"column":0},"end":{"line":23,"column":23}},"23":{"start":{"line":24,"column":0},"end":{"line":24,"column":14}},"24":{"start":{"line":25,"column":0},"end":{"line":25,"column":3}},"25":{"start":{"line":26,"column":0},"end":{"line":26,"column":3}}},"s":{"0":1,"1":1,"2":1,"3":1,"4":1,"5":6,"6":1,"7":1,"8":1,"9":1,"10":5,"11":5,"12":5,"13":5,"14":5,"15":6,"16":4,"17":2,"18":2,"19":2,"20":2,"21":2,"22":2,"23":2,"24":2,"25":1},"branchMap":{"0":{"type":"branch","line":5,"loc":{"start":{"line":5,"column":35},"end":{"line":26,"column":2}},"locations":[{"start":{"line":5,"column":35},"end":{"line":26,"column":2}}]},"1":{"type":"branch","line":6,"loc":{"start":{"line":6,"column":55},"end":{"line":10,"column":3}},"locations":[{"start":{"line":6,"column":55},"end":{"line":10,"column":3}}]},"2":{"type":"branch","line":10,"loc":{"start":{"line":10,"column":2},"end":{"line":16,"column":4}},"locations":[{"start":{"line":10,"column":2},"end":{"line":16,"column":4}}]},"3":{"type":"branch","line":16,"loc":{"start":{"line":16,"column":4},"end":{"line":25,"column":3}},"locations":[{"start":{"line":16,"column":4},"end":{"line":25,"column":3}}]},"4":{"type":"branch","line":17,"loc":{"start":{"line":17,"column":44},"end":{"line":25,"column":3}},"locations":[{"start":{"line":17,"column":44},"end":{"line":25,"column":3}}]}},"b":{"0":[6],"1":[1],"2":[5],"3":[4],"4":[2]},"fnMap":{},"f":{}}
}
