TN:
SF:src\index.js
FN:19,oo_cm
FN:19,oo_oo
FN:19,oo_tr
FN:19,oo_ts
FN:19,oo_te
FNF:5
FNH:5
FNDA:1,oo_cm
FNDA:1,oo_oo
FNDA:1,oo_tr
FNDA:1,oo_ts
FNDA:1,oo_te
DA:1,1
DA:2,1
DA:3,1
DA:4,1
DA:5,1
DA:6,1
DA:7,1
DA:8,1
DA:9,1
DA:10,1
DA:11,1
DA:12,1
DA:13,1
DA:14,1
DA:15,1
DA:16,1
DA:17,1
DA:18,1
DA:19,1
LF:19
LH:19
BRDA:4,0,0,1
BRDA:19,1,0,1
BRDA:19,2,0,1
BRDA:19,3,0,1
BRDA:19,4,0,1
BRF:5
BRH:5
end_of_record
TN:
SF:src\person.js
FN:2,validate
FN:18,format
FN:27,save
FN:36,process
FN:51,oo_cm
FN:51,oo_oo
FN:51,oo_tr
FN:51,oo_ts
FN:51,oo_te
FNF:9
FNH:9
FNDA:5,validate
FNDA:2,format
FNDA:2,save
FNDA:5,process
FNDA:1,oo_cm
FNDA:1,oo_oo
FNDA:1,oo_tr
FNDA:1,oo_ts
FNDA:1,oo_te
DA:1,1
DA:2,1
DA:3,5
DA:4,1
DA:5,1
DA:6,5
DA:7,1
DA:8,1
DA:9,3
DA:10,3
DA:11,5
DA:12,7
DA:13,1
DA:14,1
DA:15,7
DA:16,2
DA:17,1
DA:18,1
DA:19,2
DA:20,2
DA:21,2
DA:22,2
DA:23,2
DA:24,2
DA:25,2
DA:26,1
DA:27,1
DA:28,2
DA:29,2
DA:30,1
DA:31,1
DA:32,1
DA:33,1
DA:34,1
DA:35,1
DA:36,1
DA:37,5
DA:38,5
DA:39,5
DA:40,5
DA:41,5
DA:42,1
DA:43,1
DA:44,1
DA:45,1
DA:46,1
DA:47,1
DA:48,1
DA:49,1
DA:50,1
DA:51,1
LF:51
LH:51
BRDA:2,0,0,5
BRDA:3,1,0,1
BRDA:5,2,0,4
BRDA:6,3,0,1
BRDA:8,4,0,3
BRDA:11,5,0,7
BRDA:12,6,0,1
BRDA:15,7,0,2
BRDA:18,8,0,2
BRDA:27,9,0,2
BRDA:29,10,0,1
BRDA:29,11,0,6
BRDA:36,12,0,5
BRDA:51,13,0,1
BRDA:51,14,0,1
BRDA:51,15,0,1
BRDA:51,16,0,1
BRDA:51,17,0,1
BRF:18
BRH:18
end_of_record
TN:
SF:src\server.js
FNF:0
FNH:0
DA:1,1
DA:2,1
DA:3,1
DA:4,1
DA:5,1
DA:6,6
DA:7,1
DA:8,1
DA:9,1
DA:10,1
DA:11,5
DA:12,5
DA:13,5
DA:14,5
DA:15,5
DA:16,6
DA:17,4
DA:18,2
DA:19,2
DA:20,2
DA:21,2
DA:22,2
DA:23,2
DA:24,2
DA:25,2
DA:26,1
LF:26
LH:26
BRDA:5,0,0,6
BRDA:6,1,0,1
BRDA:10,2,0,5
BRDA:16,3,0,4
BRDA:17,4,0,2
BRF:5
BRH:5
end_of_record
