{"C:\\Users\\arthu\\OneDrive\\Documentos\\GitHub\\praticando-tajs\\modulo06-complex-scenarios\\src\\runner.js": {"path":"C:\\Users\\arthu\\OneDrive\\Documentos\\GitHub\\praticando-tajs\\modulo06-complex-scenarios\\src\\runner.js","all":false,"statementMap":{"0":{"start":{"line":1,"column":0},"end":{"line":1,"column":35}},"1":{"start":{"line":2,"column":0},"end":{"line":2,"column":0}},"2":{"start":{"line":3,"column":0},"end":{"line":3,"column":26}},"3":{"start":{"line":4,"column":0},"end":{"line":4,"column":37}},"4":{"start":{"line":5,"column":0},"end":{"line":5,"column":34}},"5":{"start":{"line":6,"column":0},"end":{"line":6,"column":32}},"6":{"start":{"line":7,"column":0},"end":{"line":7,"column":88}},"7":{"start":{"line":8,"column":0},"end":{"line":8,"column":90}},"8":{"start":{"line":9,"column":0},"end":{"line":9,"column":1}},"9":{"start":{"line":10,"column":0},"end":{"line":10,"column":0}},"10":{"start":{"line":11,"column":0},"end":{"line":11,"column":15}},"11":{"start":{"line":12,"column":0},"end":{"line":12,"column":0}},"12":{"start":{"line":13,"column":0},"end":{"line":13,"column":0}},"13":{"start":{"line":14,"column":0},"end":{"line":14,"column":0}},"14":{"start":{"line":15,"column":0},"end":{"line":15,"column":0}},"15":{"start":{"line":16,"column":0},"end":{"line":16,"column":0}},"16":{"start":{"line":17,"column":0},"end":{"line":17,"column":0}},"17":{"start":{"line":18,"column":0},"end":{"line":18,"column":38486}}},"s":{"0":1,"1":1,"2":1,"3":1,"4":1,"5":1,"6":1,"7":1,"8":1,"9":1,"10":1,"11":1,"12":1,"13":1,"14":1,"15":1,"16":1,"17":1},"branchMap":{"0":{"type":"branch","line":3,"loc":{"start":{"line":3,"column":0},"end":{"line":9,"column":1}},"locations":[{"start":{"line":3,"column":0},"end":{"line":9,"column":1}}]},"1":{"type":"branch","line":18,"loc":{"start":{"line":18,"column":68},"end":{"line":18,"column":37819}},"locations":[{"start":{"line":18,"column":68},"end":{"line":18,"column":37819}}]},"2":{"type":"branch","line":18,"loc":{"start":{"line":18,"column":133},"end":{"line":18,"column":37806}},"locations":[{"start":{"line":18,"column":133},"end":{"line":18,"column":37806}}]},"3":{"type":"branch","line":18,"loc":{"start":{"line":18,"column":37808},"end":{"line":18,"column":37818}},"locations":[{"start":{"line":18,"column":37808},"end":{"line":18,"column":37818}}]},"4":{"type":"branch","line":18,"loc":{"start":{"line":18,"column":37846},"end":{"line":18,"column":37919}},"locations":[{"start":{"line":18,"column":37846},"end":{"line":18,"column":37919}}]},"5":{"type":"branch","line":18,"loc":{"start":{"line":18,"column":37899},"end":{"line":18,"column":37910}},"locations":[{"start":{"line":18,"column":37899},"end":{"line":18,"column":37910}}]}},"b":{"0":[1],"1":[1],"2":[1],"3":[1],"4":[1],"5":[1]},"fnMap":{"0":{"name":"run","decl":{"start":{"line":3,"column":0},"end":{"line":9,"column":1}},"loc":{"start":{"line":3,"column":0},"end":{"line":9,"column":1}},"line":3},"1":{"name":"oo_cm","decl":{"start":{"line":18,"column":68},"end":{"line":18,"column":37819}},"loc":{"start":{"line":18,"column":68},"end":{"line":18,"column":37819}},"line":18},"2":{"name":"oo_oo","decl":{"start":{"line":18,"column":37846},"end":{"line":18,"column":37919}},"loc":{"start":{"line":18,"column":37846},"end":{"line":18,"column":37919}},"line":18},"3":{"name":"oo_tr","decl":{"start":{"line":18,"column":37946},"end":{"line":18,"column":38021}},"loc":{"start":{"line":18,"column":37946},"end":{"line":18,"column":38021}},"line":18},"4":{"name":"oo_ts","decl":{"start":{"line":18,"column":38048},"end":{"line":18,"column":38115}},"loc":{"start":{"line":18,"column":38048},"end":{"line":18,"column":38115}},"line":18},"5":{"name":"oo_te","decl":{"start":{"line":18,"column":38142},"end":{"line":18,"column":38218}},"loc":{"start":{"line":18,"column":38142},"end":{"line":18,"column":38218}},"line":18}},"f":{"0":1,"1":1,"2":1,"3":1,"4":1,"5":1}}
,"C:\\Users\\arthu\\OneDrive\\Documentos\\GitHub\\praticando-tajs\\modulo06-complex-scenarios\\src\\service.js": {"path":"C:\\Users\\arthu\\OneDrive\\Documentos\\GitHub\\praticando-tajs\\modulo06-complex-scenarios\\src\\service.js","all":false,"statementMap":{"0":{"start":{"line":1,"column":0},"end":{"line":1,"column":28}},"1":{"start":{"line":2,"column":0},"end":{"line":2,"column":41}},"2":{"start":{"line":3,"column":0},"end":{"line":3,"column":0}},"3":{"start":{"line":4,"column":0},"end":{"line":4,"column":30}},"4":{"start":{"line":5,"column":0},"end":{"line":5,"column":15}},"5":{"start":{"line":6,"column":0},"end":{"line":6,"column":0}},"6":{"start":{"line":7,"column":0},"end":{"line":7,"column":23}},"7":{"start":{"line":8,"column":0},"end":{"line":8,"column":34}},"8":{"start":{"line":9,"column":0},"end":{"line":9,"column":55}},"9":{"start":{"line":10,"column":0},"end":{"line":10,"column":3}},"10":{"start":{"line":11,"column":0},"end":{"line":11,"column":0}},"11":{"start":{"line":12,"column":0},"end":{"line":12,"column":20}},"12":{"start":{"line":13,"column":0},"end":{"line":13,"column":44}},"13":{"start":{"line":14,"column":0},"end":{"line":14,"column":14}},"14":{"start":{"line":15,"column":0},"end":{"line":15,"column":23}},"15":{"start":{"line":16,"column":0},"end":{"line":16,"column":7}},"16":{"start":{"line":17,"column":0},"end":{"line":17,"column":0}},"17":{"start":{"line":18,"column":0},"end":{"line":18,"column":17}},"18":{"start":{"line":19,"column":0},"end":{"line":19,"column":3}},"19":{"start":{"line":20,"column":0},"end":{"line":20,"column":0}},"20":{"start":{"line":21,"column":0},"end":{"line":21,"column":16}},"21":{"start":{"line":22,"column":0},"end":{"line":22,"column":36}},"22":{"start":{"line":23,"column":0},"end":{"line":23,"column":3}},"23":{"start":{"line":24,"column":0},"end":{"line":24,"column":1}}},"s":{"0":1,"1":1,"2":1,"3":1,"4":1,"5":1,"6":1,"7":1,"8":1,"9":1,"10":1,"11":1,"12":1,"13":1,"14":1,"15":1,"16":1,"17":1,"18":1,"19":1,"20":1,"21":1,"22":1,"23":1},"branchMap":{"0":{"type":"branch","line":4,"loc":{"start":{"line":4,"column":15},"end":{"line":24,"column":1}},"locations":[{"start":{"line":4,"column":15},"end":{"line":24,"column":1}}]},"1":{"type":"branch","line":7,"loc":{"start":{"line":7,"column":2},"end":{"line":10,"column":3}},"locations":[{"start":{"line":7,"column":2},"end":{"line":10,"column":3}}]},"2":{"type":"branch","line":12,"loc":{"start":{"line":12,"column":2},"end":{"line":19,"column":3}},"locations":[{"start":{"line":12,"column":2},"end":{"line":19,"column":3}}]},"3":{"type":"branch","line":21,"loc":{"start":{"line":21,"column":2},"end":{"line":23,"column":3}},"locations":[{"start":{"line":21,"column":2},"end":{"line":23,"column":3}}]}},"b":{"0":[1],"1":[1],"2":[1],"3":[1]},"fnMap":{"0":{"name":"<instance_members_initializer>","decl":{"start":{"line":4,"column":15},"end":{"line":24,"column":1}},"loc":{"start":{"line":4,"column":15},"end":{"line":24,"column":1}},"line":4},"1":{"name":"Service","decl":{"start":{"line":7,"column":2},"end":{"line":10,"column":3}},"loc":{"start":{"line":7,"column":2},"end":{"line":10,"column":3}},"line":7},"2":{"name":"createHero","decl":{"start":{"line":12,"column":2},"end":{"line":19,"column":3}},"loc":{"start":{"line":12,"column":2},"end":{"line":19,"column":3}},"line":12},"3":{"name":"listHeroes","decl":{"start":{"line":21,"column":2},"end":{"line":23,"column":3}},"loc":{"start":{"line":21,"column":2},"end":{"line":23,"column":3}},"line":21}},"f":{"0":1,"1":1,"2":1,"3":1}}
}
