TN:
SF:src\runner.js
FN:3,run
FN:18,oo_cm
FN:18,oo_oo
FN:18,oo_tr
FN:18,oo_ts
FN:18,oo_te
FNF:6
FNH:6
FNDA:1,run
FNDA:1,oo_cm
FNDA:1,oo_oo
FNDA:1,oo_tr
FNDA:1,oo_ts
FNDA:1,oo_te
DA:1,1
DA:2,1
DA:3,1
DA:4,1
DA:5,1
DA:6,1
DA:7,1
DA:8,1
DA:9,1
DA:10,1
DA:11,1
DA:12,1
DA:13,1
DA:14,1
DA:15,1
DA:16,1
DA:17,1
DA:18,1
LF:18
LH:18
BRDA:3,0,0,1
BRDA:18,1,0,1
BRDA:18,2,0,1
BRDA:18,3,0,1
BRDA:18,4,0,1
BRDA:18,5,0,1
BRF:6
BRH:6
end_of_record
TN:
SF:src\service.js
FN:4,<instance_members_initializer>
FN:7,Service
FN:12,createHero
FN:21,listHeroes
FNF:4
FNH:4
FNDA:1,<instance_members_initializer>
FNDA:1,Service
FNDA:1,createHero
FNDA:1,listHeroes
DA:1,1
DA:2,1
DA:3,1
DA:4,1
DA:5,1
DA:6,1
DA:7,1
DA:8,1
DA:9,1
DA:10,1
DA:11,1
DA:12,1
DA:13,1
DA:14,1
DA:15,1
DA:16,1
DA:17,1
DA:18,1
DA:19,1
DA:20,1
DA:21,1
DA:22,1
DA:23,1
DA:24,1
LF:24
LH:24
BRDA:4,0,0,1
BRDA:7,1,0,1
BRDA:12,2,0,1
BRDA:21,3,0,1
BRF:4
BRH:4
end_of_record
