TN:
SF:src\api.js
FN:7,getUserCategory
FNF:1
FNH:1
FNDA:4,getUserCategory
DA:1,1
DA:2,1
DA:3,1
DA:4,1
DA:5,1
DA:6,1
DA:7,4
DA:8,4
DA:9,4
DA:10,4
DA:11,4
DA:12,1
DA:13,1
DA:14,1
DA:15,1
DA:16,8
DA:17,8
DA:18,4
DA:19,4
DA:20,4
DA:21,4
DA:22,4
DA:23,4
DA:24,4
DA:25,4
DA:26,4
DA:27,4
DA:28,4
DA:29,4
DA:30,4
DA:31,4
DA:32,4
DA:33,4
DA:34,4
DA:35,8
DA:36,3
DA:37,3
DA:38,3
DA:39,3
DA:40,3
DA:41,1
DA:42,1
DA:43,8
DA:44,2
DA:45,1
DA:46,1
DA:47,1
DA:48,1
DA:49,1
DA:50,1
DA:51,1
DA:52,1
DA:53,1
DA:54,1
DA:55,1
DA:56,1
DA:57,1
DA:58,1
LF:58
LH:58
BRDA:7,0,0,4
BRDA:9,1,0,1
BRDA:9,2,0,3
BRDA:10,3,0,1
BRDA:10,4,0,2
BRDA:11,5,0,1
BRDA:15,6,0,8
BRDA:17,7,0,4
BRDA:17,8,0,4
BRDA:35,9,0,3
BRDA:35,10,0,3
BRDA:40,11,0,1
BRDA:43,12,0,2
BRDA:44,13,0,1
BRDA:37,14,0,6
BRF:15
BRH:15
end_of_record
