TN:
SF:src\person.js
FN:1,mapPerson
FNF:1
FNH:1
FNDA:2,mapPerson
DA:1,1
DA:2,2
DA:3,2
DA:4,2
LF:4
LH:4
BRDA:1,0,0,2
BRF:1
BRH:1
end_of_record
TN:
SF:src\task.js
FN:1,<instance_members_initializer>
FN:3,save
FN:10,run
FN:33,oo_cm
FN:33,oo_oo
FN:33,oo_tr
FN:33,oo_ts
FN:33,oo_te
FNF:8
FNH:8
FNDA:2,<instance_members_initializer>
FNDA:3,save
FNDA:2,run
FNDA:1,oo_cm
FNDA:1,oo_oo
FNDA:1,oo_tr
FNDA:1,oo_ts
FNDA:1,oo_te
DA:1,1
DA:2,2
DA:3,2
DA:4,3
DA:5,3
DA:6,3
DA:7,3
DA:8,3
DA:9,3
DA:10,2
DA:11,2
DA:12,61
DA:13,61
DA:14,1
DA:15,1
DA:16,1
DA:17,1
DA:18,61
DA:19,85
DA:20,3
DA:21,3
DA:22,3
DA:23,85
DA:24,2
DA:25,2
DA:26,2
DA:27,1
DA:28,1
DA:29,1
DA:30,1
DA:31,1
DA:32,1
DA:33,1
LF:33
LH:33
BRDA:1,0,0,2
BRDA:3,1,0,3
BRDA:10,2,0,2
BRDA:11,3,0,61
BRDA:13,4,0,1
BRDA:17,5,0,60
BRDA:18,6,0,85
BRDA:19,7,0,3
BRDA:23,8,0,60
BRDA:33,9,0,1
BRDA:33,10,0,1
BRDA:33,11,0,1
BRDA:33,12,0,1
BRDA:33,13,0,1
BRF:14
BRH:14
end_of_record
