<?xml version="1.0" encoding="UTF-8"?>
<coverage generated="1714313494428" clover="3.2.0">
  <project timestamp="1714313494429" name="All files">
    <metrics statements="37" coveredstatements="37" conditionals="15" coveredconditionals="15" methods="9" coveredmethods="9" elements="61" coveredelements="61" complexity="0" loc="37" ncloc="37" packages="1" files="2" classes="2"/>
    <file name="person.js" path="C:\Users\arthu\OneDrive\Documentos\GitHub\praticando-tajs\aula05-code-coverage\src\person.js">
      <metrics statements="4" coveredstatements="4" conditionals="1" coveredconditionals="1" methods="1" coveredmethods="1"/>
      <line num="1" count="1" type="cond" truecount="1" falsecount="0"/>
      <line num="2" count="2" type="stmt"/>
      <line num="3" count="2" type="stmt"/>
      <line num="4" count="2" type="stmt"/>
    </file>
    <file name="task.js" path="C:\Users\arthu\OneDrive\Documentos\GitHub\praticando-tajs\aula05-code-coverage\src\task.js">
      <metrics statements="33" coveredstatements="33" conditionals="14" coveredconditionals="14" methods="8" coveredmethods="8"/>
      <line num="1" count="1" type="cond" truecount="1" falsecount="0"/>
      <line num="2" count="2" type="stmt"/>
      <line num="3" count="2" type="cond" truecount="1" falsecount="0"/>
      <line num="4" count="3" type="stmt"/>
      <line num="5" count="3" type="stmt"/>
      <line num="6" count="3" type="stmt"/>
      <line num="7" count="3" type="stmt"/>
      <line num="8" count="3" type="stmt"/>
      <line num="9" count="3" type="stmt"/>
      <line num="10" count="2" type="cond" truecount="1" falsecount="0"/>
      <line num="11" count="2" type="cond" truecount="1" falsecount="0"/>
      <line num="12" count="61" type="stmt"/>
      <line num="13" count="61" type="cond" truecount="1" falsecount="0"/>
      <line num="14" count="1" type="stmt"/>
      <line num="15" count="1" type="stmt"/>
      <line num="16" count="1" type="stmt"/>
      <line num="17" count="1" type="cond" truecount="1" falsecount="0"/>
      <line num="18" count="61" type="cond" truecount="1" falsecount="0"/>
      <line num="19" count="85" type="cond" truecount="1" falsecount="0"/>
      <line num="20" count="3" type="stmt"/>
      <line num="21" count="3" type="stmt"/>
      <line num="22" count="3" type="stmt"/>
      <line num="23" count="85" type="cond" truecount="1" falsecount="0"/>
      <line num="24" count="2" type="stmt"/>
      <line num="25" count="2" type="stmt"/>
      <line num="26" count="2" type="stmt"/>
      <line num="27" count="1" type="stmt"/>
      <line num="28" count="1" type="stmt"/>
      <line num="29" count="1" type="stmt"/>
      <line num="30" count="1" type="stmt"/>
      <line num="31" count="1" type="stmt"/>
      <line num="32" count="1" type="stmt"/>
      <line num="33" count="1" type="cond" truecount="5" falsecount="0"/>
    </file>
  </project>
</coverage>
