{"C:\\Users\\arthu\\OneDrive\\Documentos\\GitHub\\praticando-tajs\\aula05-code-coverage\\src\\person.js": {"path":"C:\\Users\\arthu\\OneDrive\\Documentos\\GitHub\\praticando-tajs\\aula05-code-coverage\\src\\person.js","all":false,"statementMap":{"0":{"start":{"line":1,"column":0},"end":{"line":1,"column":38}},"1":{"start":{"line":2,"column":0},"end":{"line":2,"column":46}},"2":{"start":{"line":3,"column":0},"end":{"line":3,"column":46}},"3":{"start":{"line":4,"column":0},"end":{"line":4,"column":1}}},"s":{"0":1,"1":2,"2":2,"3":2},"branchMap":{"0":{"type":"branch","line":1,"loc":{"start":{"line":1,"column":7},"end":{"line":4,"column":1}},"locations":[{"start":{"line":1,"column":7},"end":{"line":4,"column":1}}]}},"b":{"0":[2]},"fnMap":{"0":{"name":"mapPerson","decl":{"start":{"line":1,"column":7},"end":{"line":4,"column":1}},"loc":{"start":{"line":1,"column":7},"end":{"line":4,"column":1}},"line":1}},"f":{"0":2}}
,"C:\\Users\\arthu\\OneDrive\\Documentos\\GitHub\\praticando-tajs\\aula05-code-coverage\\src\\task.js": {"path":"C:\\Users\\arthu\\OneDrive\\Documentos\\GitHub\\praticando-tajs\\aula05-code-coverage\\src\\task.js","all":false,"statementMap":{"0":{"start":{"line":1,"column":0},"end":{"line":1,"column":27}},"1":{"start":{"line":2,"column":0},"end":{"line":2,"column":63}},"2":{"start":{"line":3,"column":0},"end":{"line":3,"column":29}},"3":{"start":{"line":4,"column":0},"end":{"line":4,"column":36}},"4":{"start":{"line":5,"column":0},"end":{"line":5,"column":108}},"5":{"start":{"line":6,"column":0},"end":{"line":6,"column":6}},"6":{"start":{"line":7,"column":0},"end":{"line":7,"column":61}},"7":{"start":{"line":8,"column":0},"end":{"line":8,"column":41}},"8":{"start":{"line":9,"column":0},"end":{"line":9,"column":3}},"9":{"start":{"line":10,"column":0},"end":{"line":10,"column":16}},"10":{"start":{"line":11,"column":0},"end":{"line":11,"column":42}},"11":{"start":{"line":12,"column":0},"end":{"line":12,"column":29}},"12":{"start":{"line":13,"column":0},"end":{"line":13,"column":35}},"13":{"start":{"line":14,"column":0},"end":{"line":14,"column":93}},"14":{"start":{"line":15,"column":0},"end":{"line":15,"column":34}},"15":{"start":{"line":16,"column":0},"end":{"line":16,"column":15}},"16":{"start":{"line":17,"column":0},"end":{"line":17,"column":7}},"17":{"start":{"line":18,"column":0},"end":{"line":18,"column":39}},"18":{"start":{"line":19,"column":0},"end":{"line":19,"column":32}},"19":{"start":{"line":20,"column":0},"end":{"line":20,"column":20}},"20":{"start":{"line":21,"column":0},"end":{"line":21,"column":35}},"21":{"start":{"line":22,"column":0},"end":{"line":22,"column":9}},"22":{"start":{"line":23,"column":0},"end":{"line":23,"column":7}},"23":{"start":{"line":24,"column":0},"end":{"line":24,"column":16}},"24":{"start":{"line":25,"column":0},"end":{"line":25,"column":3}},"25":{"start":{"line":26,"column":0},"end":{"line":26,"column":1}},"26":{"start":{"line":27,"column":0},"end":{"line":27,"column":0}},"27":{"start":{"line":28,"column":0},"end":{"line":28,"column":0}},"28":{"start":{"line":29,"column":0},"end":{"line":29,"column":0}},"29":{"start":{"line":30,"column":0},"end":{"line":30,"column":0}},"30":{"start":{"line":31,"column":0},"end":{"line":31,"column":0}},"31":{"start":{"line":32,"column":0},"end":{"line":32,"column":0}},"32":{"start":{"line":33,"column":0},"end":{"line":33,"column":38513}}},"s":{"0":1,"1":2,"2":2,"3":3,"4":3,"5":3,"6":3,"7":3,"8":3,"9":2,"10":2,"11":61,"12":61,"13":1,"14":1,"15":1,"16":1,"17":61,"18":85,"19":3,"20":3,"21":3,"22":85,"23":2,"24":2,"25":2,"26":1,"27":1,"28":1,"29":1,"30":1,"31":1,"32":1},"branchMap":{"0":{"type":"branch","line":1,"loc":{"start":{"line":1,"column":15},"end":{"line":26,"column":1}},"locations":[{"start":{"line":1,"column":15},"end":{"line":26,"column":1}}]},"1":{"type":"branch","line":3,"loc":{"start":{"line":3,"column":2},"end":{"line":9,"column":3}},"locations":[{"start":{"line":3,"column":2},"end":{"line":9,"column":3}}]},"2":{"type":"branch","line":10,"loc":{"start":{"line":10,"column":2},"end":{"line":25,"column":3}},"locations":[{"start":{"line":10,"column":2},"end":{"line":25,"column":3}}]},"3":{"type":"branch","line":11,"loc":{"start":{"line":11,"column":35},"end":{"line":24,"column":5}},"locations":[{"start":{"line":11,"column":35},"end":{"line":24,"column":5}}]},"4":{"type":"branch","line":13,"loc":{"start":{"line":13,"column":34},"end":{"line":17,"column":7}},"locations":[{"start":{"line":13,"column":34},"end":{"line":17,"column":7}}]},"5":{"type":"branch","line":17,"loc":{"start":{"line":17,"column":6},"end":{"line":18,"column":38}},"locations":[{"start":{"line":17,"column":6},"end":{"line":18,"column":38}}]},"6":{"type":"branch","line":18,"loc":{"start":{"line":18,"column":38},"end":{"line":23,"column":7}},"locations":[{"start":{"line":18,"column":38},"end":{"line":23,"column":7}}]},"7":{"type":"branch","line":19,"loc":{"start":{"line":19,"column":31},"end":{"line":22,"column":9}},"locations":[{"start":{"line":19,"column":31},"end":{"line":22,"column":9}}]},"8":{"type":"branch","line":23,"loc":{"start":{"line":23,"column":6},"end":{"line":24,"column":5}},"locations":[{"start":{"line":23,"column":6},"end":{"line":24,"column":5}}]},"9":{"type":"branch","line":33,"loc":{"start":{"line":33,"column":68},"end":{"line":33,"column":37846}},"locations":[{"start":{"line":33,"column":68},"end":{"line":33,"column":37846}}]},"10":{"type":"branch","line":33,"loc":{"start":{"line":33,"column":133},"end":{"line":33,"column":37833}},"locations":[{"start":{"line":33,"column":133},"end":{"line":33,"column":37833}}]},"11":{"type":"branch","line":33,"loc":{"start":{"line":33,"column":37835},"end":{"line":33,"column":37845}},"locations":[{"start":{"line":33,"column":37835},"end":{"line":33,"column":37845}}]},"12":{"type":"branch","line":33,"loc":{"start":{"line":33,"column":37873},"end":{"line":33,"column":37946}},"locations":[{"start":{"line":33,"column":37873},"end":{"line":33,"column":37946}}]},"13":{"type":"branch","line":33,"loc":{"start":{"line":33,"column":37926},"end":{"line":33,"column":37937}},"locations":[{"start":{"line":33,"column":37926},"end":{"line":33,"column":37937}}]}},"b":{"0":[2],"1":[3],"2":[2],"3":[61],"4":[1],"5":[60],"6":[85],"7":[3],"8":[60],"9":[1],"10":[1],"11":[1],"12":[1],"13":[1]},"fnMap":{"0":{"name":"<instance_members_initializer>","decl":{"start":{"line":1,"column":15},"end":{"line":26,"column":1}},"loc":{"start":{"line":1,"column":15},"end":{"line":26,"column":1}},"line":1},"1":{"name":"save","decl":{"start":{"line":3,"column":2},"end":{"line":9,"column":3}},"loc":{"start":{"line":3,"column":2},"end":{"line":9,"column":3}},"line":3},"2":{"name":"run","decl":{"start":{"line":10,"column":2},"end":{"line":25,"column":3}},"loc":{"start":{"line":10,"column":2},"end":{"line":25,"column":3}},"line":10},"3":{"name":"oo_cm","decl":{"start":{"line":33,"column":68},"end":{"line":33,"column":37846}},"loc":{"start":{"line":33,"column":68},"end":{"line":33,"column":37846}},"line":33},"4":{"name":"oo_oo","decl":{"start":{"line":33,"column":37873},"end":{"line":33,"column":37946}},"loc":{"start":{"line":33,"column":37873},"end":{"line":33,"column":37946}},"line":33},"5":{"name":"oo_tr","decl":{"start":{"line":33,"column":37973},"end":{"line":33,"column":38048}},"loc":{"start":{"line":33,"column":37973},"end":{"line":33,"column":38048}},"line":33},"6":{"name":"oo_ts","decl":{"start":{"line":33,"column":38075},"end":{"line":33,"column":38142}},"loc":{"start":{"line":33,"column":38075},"end":{"line":33,"column":38142}},"line":33},"7":{"name":"oo_te","decl":{"start":{"line":33,"column":38169},"end":{"line":33,"column":38245}},"loc":{"start":{"line":33,"column":38169},"end":{"line":33,"column":38245}},"line":33}},"f":{"0":2,"1":3,"2":2,"3":1,"4":1,"5":1,"6":1,"7":1}}
}
